

Started GET "/" for ::1 at 2016-01-27 13:42:59 -0800

SyntaxError (/Users/apprentice/Desktop/project/HelpMyNeighbor/app/controllers/static_pages_controller.rb:10: syntax error, unexpected <<, expecting keyword_end
<<<<<<< HEAD
  ^
/Users/apprentice/Desktop/project/HelpMyNeighbor/app/controllers/static_pages_controller.rb:29: syntax error, unexpected ===, expecting keyword_end
=======
   ^):
  app/controllers/static_pages_controller.rb:10: syntax error, unexpected <<, expecting keyword_end
  app/controllers/static_pages_controller.rb:29: syntax error, unexpected ===, expecting keyword_end


  Rendered /Users/apprentice/.rbenv/versions/2.0.0-p353/lib/ruby/gems/2.0.0/gems/actionpack-4.2.4/lib/action_dispatch/middleware/templates/rescues/_source.erb (7.6ms)
  Rendered /Users/apprentice/.rbenv/versions/2.0.0-p353/lib/ruby/gems/2.0.0/gems/actionpack-4.2.4/lib/action_dispatch/middleware/templates/rescues/_trace.html.erb (2.5ms)
  Rendered /Users/apprentice/.rbenv/versions/2.0.0-p353/lib/ruby/gems/2.0.0/gems/actionpack-4.2.4/lib/action_dispatch/middleware/templates/rescues/_request_and_response.html.erb (17.0ms)
  Rendered /Users/apprentice/.rbenv/versions/2.0.0-p353/lib/ruby/gems/2.0.0/gems/actionpack-4.2.4/lib/action_dispatch/middleware/templates/rescues/diagnostics.html.erb within rescues/layout (62.1ms)
  Rendered /Users/apprentice/.rbenv/versions/2.0.0-p353/lib/ruby/gems/2.0.0/gems/web-console-2.2.1/lib/web_console/templates/_markup.html.erb (0.5ms)
  Rendered /Users/apprentice/.rbenv/versions/2.0.0-p353/lib/ruby/gems/2.0.0/gems/web-console-2.2.1/lib/web_console/templates/_inner_console_markup.html.erb within layouts/inlined_string (0.5ms)
  Rendered /Users/apprentice/.rbenv/versions/2.0.0-p353/lib/ruby/gems/2.0.0/gems/web-console-2.2.1/lib/web_console/templates/_prompt_box_markup.html.erb within layouts/inlined_string (0.3ms)
  Rendered /Users/apprentice/.rbenv/versions/2.0.0-p353/lib/ruby/gems/2.0.0/gems/web-console-2.2.1/lib/web_console/templates/style.css.erb within layouts/inlined_string (0.4ms)
  Rendered /Users/apprentice/.rbenv/versions/2.0.0-p353/lib/ruby/gems/2.0.0/gems/web-console-2.2.1/lib/web_console/templates/console.js.erb within layouts/javascript (24.1ms)
  Rendered /Users/apprentice/.rbenv/versions/2.0.0-p353/lib/ruby/gems/2.0.0/gems/web-console-2.2.1/lib/web_console/templates/main.js.erb within layouts/javascript (0.4ms)
  Rendered /Users/apprentice/.rbenv/versions/2.0.0-p353/lib/ruby/gems/2.0.0/gems/web-console-2.2.1/lib/web_console/templates/error_page.js.erb within layouts/javascript (0.5ms)
  Rendered /Users/apprentice/.rbenv/versions/2.0.0-p353/lib/ruby/gems/2.0.0/gems/web-console-2.2.1/lib/web_console/templates/index.html.erb (53.5ms)


Started GET "/" for ::1 at 2016-01-27 13:44:45 -0800
Processing by StaticPagesController#home as HTML
  Rendered static_pages/home.html.erb within layouts/application (0.5ms)
Completed   in 10632ms (ActiveRecord: 0.0ms)


Started GET "/" for ::1 at 2016-01-27 13:45:02 -0800
Processing by StaticPagesController#home as HTML
  Rendered static_pages/home.html.erb within layouts/application (2.5ms)
Completed 200 OK in 5436ms (Views: 5416.0ms | ActiveRecord: 0.0ms)


Started GET "/assets/map.self-2a3d68167356225690621259aeac76b1055572b24f025becc5bf0b54c5807f19.css?body=1" for ::1 at 2016-01-27 13:45:08 -0800


Started GET "/assets/static_pages.self-e3b0c44298fc1c149afbf4c8996fb92427ae41e4649b934ca495991b7852b855.css?body=1" for ::1 at 2016-01-27 13:45:08 -0800


Started GET "/assets/application.self-0145f1ce6c410f4f0b25c1d77435d175be5aff1645c7bc899ed3598bb932a57d.css?body=1" for ::1 at 2016-01-27 13:45:08 -0800


Started GET "/assets/jquery_ujs.self-d602bdfe68ffc63b9f9cc512872aa3cfff046228a0a36e90dd476e8ef54c1b09.js?body=1" for ::1 at 2016-01-27 13:45:08 -0800


Started GET "/assets/jquery.self-c64a74367bda6ef8b860f19e74df08927ca99d2be2ac934e9e92d5fd361e0da4.js?body=1" for ::1 at 2016-01-27 13:45:08 -0800


Started GET "/assets/custom.self-89a5de4a4d9fb4276ce5a11a9d934f3d52706810036eb70d4438e1a86fa555c3.css?body=1" for ::1 at 2016-01-27 13:45:08 -0800


Started GET "/assets/turbolinks.self-c37727e9bd6b2735da5c311aa83fead54ed0be6cc8bd9a65309e9c5abe2cbfff.js?body=1" for ::1 at 2016-01-27 13:45:08 -0800


Started GET "/assets/map.self-b45fed13b34e54545fc5b32648adddf300d6d46d3522f2bdb2343518f0b1b2e7.js?body=1" for ::1 at 2016-01-27 13:45:08 -0800


Started GET "/assets/static_pages.self-877aef30ae1b040ab8a3aba4e3e309a11d7f2612f44dde450b5c157aa5f95c05.js?body=1" for ::1 at 2016-01-27 13:45:08 -0800


Started GET "/assets/underscore.self-4b328e42c558197d5b99d7727cfcc60bac9763fad660651230e8baf93f6067ed.js?body=1" for ::1 at 2016-01-27 13:45:08 -0800


Started GET "/assets/gmaps/base.self-8dd1d1a22a7ff3bf4faa70885ea5f452367e7249102c52508c66d85ca396ee8b.js?body=1" for ::1 at 2016-01-27 13:45:08 -0800


Started GET "/assets/gmaps/base/base.self-5c31367e8435d872a028f6605074c8b1e15b9469a128b92dd29dfe40165b8ca3.js?body=1" for ::1 at 2016-01-27 13:45:08 -0800


Started GET "/assets/gmaps/objects/base_builder.self-2a2088185a25893bbee6bf3da7fde2f1160e33f9903e29e01701ecdf87326e98.js?body=1" for ::1 at 2016-01-27 13:45:08 -0800


Started GET "/assets/gmaps/objects/builder.self-77682740ac05e1b18efcf955f75aabdc3877aeee1ee4d5d6fddc74f8a08009ea.js?body=1" for ::1 at 2016-01-27 13:45:08 -0800


Started GET "/assets/gmaps/objects/handler.self-2f220cab5c91a054a6ee7f5b4c1eaab6edd160062ee3709c81714c18a6fbefa3.js?body=1" for ::1 at 2016-01-27 13:45:08 -0800


Started GET "/assets/gmaps/objects/null_clusterer.self-c6d6f37e996f50b27bf70e66b8956ee03cd4f3e35ae2e69c7b03e9dff7ea48e3.js?body=1" for ::1 at 2016-01-27 13:45:08 -0800


Started GET "/assets/gmaps/google/objects/common.self-4b07ecd5e825fd2ba2793cb0323b0f19636ae2343ad8e8e9fe419152107b8ab4.js?body=1" for ::1 at 2016-01-27 13:45:08 -0800


Started GET "/assets/gmaps/google/builders/clusterer.self-a1f1a7df46fc8cecc592eef0f15b9e02f3431c8fa70ed30ce4de854e7facb5c4.js?body=1" for ::1 at 2016-01-27 13:45:08 -0800


Started GET "/assets/gmaps/google/builders/circle.self-188e8cef42efa47cf5a4a3956af3dc67a3d6651bc2a9ca220cfcb6fc3e463e35.js?body=1" for ::1 at 2016-01-27 13:45:08 -0800


Started GET "/assets/gmaps/google/builders/bound.self-f340597454ebfa045f68c5f93f61cff52646146ec38c903a2769e5b0501cd687.js?body=1" for ::1 at 2016-01-27 13:45:08 -0800


Started GET "/assets/gmaps/google/builders/kml.self-ffee6612ec52f7bcd758c1b5370a0e803412189ce09773551831e6c06a3375b1.js?body=1" for ::1 at 2016-01-27 13:45:08 -0800


Started GET "/assets/gmaps/google/builders/map.self-6de83910df5426e7f72211a33d291d790c3198744bdced71b84572bfca56201c.js?body=1" for ::1 at 2016-01-27 13:45:08 -0800


Started GET "/assets/gmaps/google/builders/marker.self-742a43efffcab09bde1334c67758f411c41e4fa1df3dd5a39e498e7f7e78e27c.js?body=1" for ::1 at 2016-01-27 13:45:08 -0800


Started GET "/assets/gmaps/google/builders/polygon.self-08644c000d23e711283ea74461680417f8e6c30fe6c32c3dcb7cc9395e9e3f17.js?body=1" for ::1 at 2016-01-27 13:45:08 -0800


Started GET "/assets/gmaps/google/builders/polyline.self-22e88b34eec70842a3547dd072bbf85a45c001b0a479fc11ec22bd242b6703f4.js?body=1" for ::1 at 2016-01-27 13:45:08 -0800


Started GET "/assets/gmaps/google/objects/bound.self-d13a639bd7207854bf9ef3f6df82bea172352162b142f56e7032ff7ac9193b1e.js?body=1" for ::1 at 2016-01-27 13:45:08 -0800


Started GET "/assets/gmaps/google/objects/clusterer.self-4f2479016fe0e484ef10477924f1bd0df5103bd5d9fca97dacb1a805369eae1d.js?body=1" for ::1 at 2016-01-27 13:45:08 -0800


Started GET "/assets/gmaps/google/objects/circle.self-33825f7d2fed1c7ba3c7afae7bd2e4f616b77373660fb65d895affcc5c952610.js?body=1" for ::1 at 2016-01-27 13:45:08 -0800


Started GET "/assets/gmaps/google/objects/map.self-fbfa0453de0420c083e9daee1f103702e6fb765d977bd361ebca9265c754f1fc.js?body=1" for ::1 at 2016-01-27 13:45:08 -0800


Started GET "/assets/gmaps/google/objects/kml.self-5ec58fa580d178250382b8139e22df32db261af083e6ec63528aec06ac26f9c3.js?body=1" for ::1 at 2016-01-27 13:45:08 -0800


Started GET "/assets/gmaps/google/objects/marker.self-1cffb1966c70a5ca4fb34e8ac501dca0e7c42af09f3f99752caa5fc6f09b1d02.js?body=1" for ::1 at 2016-01-27 13:45:08 -0800


Started GET "/assets/gmaps/google/objects/polygon.self-ceb351c472231550371b47497b02ad128fbf6e44c30482fb5c153ef880fad696.js?body=1" for ::1 at 2016-01-27 13:45:08 -0800


Started GET "/assets/gmaps/google/objects/polyline.self-d6d7caf58094ef9b48b3e93abdcc0f43c6b3fb204c882f4613577480cbe5d857.js?body=1" for ::1 at 2016-01-27 13:45:08 -0800


Started GET "/assets/gmaps/google/primitives.self-5b8a3a670839d76c06f9877827daa0d739b27f8d6ebd346d7fc6006819755e65.js?body=1" for ::1 at 2016-01-27 13:45:08 -0800


Started GET "/assets/gmaps/google.self-877aef30ae1b040ab8a3aba4e3e309a11d7f2612f44dde450b5c157aa5f95c05.js?body=1" for ::1 at 2016-01-27 13:45:08 -0800


Started GET "/assets/application.self-44dc72337fbefc4f8c73fc8781b922cf9e4f99f8d068e6563c3820851d9390f6.js?body=1" for ::1 at 2016-01-27 13:45:08 -0800


Started GET "/static_pages/mapsearch.html" for ::1 at 2016-01-27 13:45:10 -0800
Processing by StaticPagesController#mapsearch as HTML
Completed 500 Internal Server Error in 1ms (ActiveRecord: 0.0ms)

TypeError (no implicit conversion of nil into String):
  app/controllers/static_pages_controller.rb:12:in `+'
  app/controllers/static_pages_controller.rb:12:in `mapsearch'


  Rendered /Users/apprentice/.rbenv/versions/2.0.0-p353/lib/ruby/gems/2.0.0/gems/actionpack-4.2.4/lib/action_dispatch/middleware/templates/rescues/_source.erb (6.5ms)
  Rendered /Users/apprentice/.rbenv/versions/2.0.0-p353/lib/ruby/gems/2.0.0/gems/actionpack-4.2.4/lib/action_dispatch/middleware/templates/rescues/_trace.html.erb (2.5ms)
  Rendered /Users/apprentice/.rbenv/versions/2.0.0-p353/lib/ruby/gems/2.0.0/gems/actionpack-4.2.4/lib/action_dispatch/middleware/templates/rescues/_request_and_response.html.erb (1.1ms)
  Rendered /Users/apprentice/.rbenv/versions/2.0.0-p353/lib/ruby/gems/2.0.0/gems/actionpack-4.2.4/lib/action_dispatch/middleware/templates/rescues/diagnostics.html.erb within rescues/layout (31.2ms)
  Rendered /Users/apprentice/.rbenv/versions/2.0.0-p353/lib/ruby/gems/2.0.0/gems/web-console-2.2.1/lib/web_console/templates/_markup.html.erb (0.4ms)
  Rendered /Users/apprentice/.rbenv/versions/2.0.0-p353/lib/ruby/gems/2.0.0/gems/web-console-2.2.1/lib/web_console/templates/_inner_console_markup.html.erb within layouts/inlined_string (0.4ms)
  Rendered /Users/apprentice/.rbenv/versions/2.0.0-p353/lib/ruby/gems/2.0.0/gems/web-console-2.2.1/lib/web_console/templates/_prompt_box_markup.html.erb within layouts/inlined_string (0.4ms)
  Rendered /Users/apprentice/.rbenv/versions/2.0.0-p353/lib/ruby/gems/2.0.0/gems/web-console-2.2.1/lib/web_console/templates/style.css.erb within layouts/inlined_string (0.5ms)
  Rendered /Users/apprentice/.rbenv/versions/2.0.0-p353/lib/ruby/gems/2.0.0/gems/web-console-2.2.1/lib/web_console/templates/console.js.erb within layouts/javascript (25.8ms)
  Rendered /Users/apprentice/.rbenv/versions/2.0.0-p353/lib/ruby/gems/2.0.0/gems/web-console-2.2.1/lib/web_console/templates/main.js.erb within layouts/javascript (0.3ms)
  Rendered /Users/apprentice/.rbenv/versions/2.0.0-p353/lib/ruby/gems/2.0.0/gems/web-console-2.2.1/lib/web_console/templates/error_page.js.erb within layouts/javascript (0.4ms)
  Rendered /Users/apprentice/.rbenv/versions/2.0.0-p353/lib/ruby/gems/2.0.0/gems/web-console-2.2.1/lib/web_console/templates/index.html.erb (53.3ms)


Started GET "/static_pages/mapsearch.html" for ::1 at 2016-01-27 13:45:11 -0800
Processing by StaticPagesController#mapsearch as HTML
Completed 500 Internal Server Error in 1ms (ActiveRecord: 0.0ms)

TypeError (no implicit conversion of nil into String):
  app/controllers/static_pages_controller.rb:12:in `+'
  app/controllers/static_pages_controller.rb:12:in `mapsearch'


  Rendered /Users/apprentice/.rbenv/versions/2.0.0-p353/lib/ruby/gems/2.0.0/gems/actionpack-4.2.4/lib/action_dispatch/middleware/templates/rescues/_source.erb (8.4ms)
  Rendered /Users/apprentice/.rbenv/versions/2.0.0-p353/lib/ruby/gems/2.0.0/gems/actionpack-4.2.4/lib/action_dispatch/middleware/templates/rescues/_trace.html.erb (2.5ms)
  Rendered /Users/apprentice/.rbenv/versions/2.0.0-p353/lib/ruby/gems/2.0.0/gems/actionpack-4.2.4/lib/action_dispatch/middleware/templates/rescues/_request_and_response.html.erb (1.0ms)
  Rendered /Users/apprentice/.rbenv/versions/2.0.0-p353/lib/ruby/gems/2.0.0/gems/actionpack-4.2.4/lib/action_dispatch/middleware/templates/rescues/diagnostics.html.erb within rescues/layout (27.5ms)
  Rendered /Users/apprentice/.rbenv/versions/2.0.0-p353/lib/ruby/gems/2.0.0/gems/web-console-2.2.1/lib/web_console/templates/_markup.html.erb (0.3ms)
  Rendered /Users/apprentice/.rbenv/versions/2.0.0-p353/lib/ruby/gems/2.0.0/gems/web-console-2.2.1/lib/web_console/templates/_inner_console_markup.html.erb within layouts/inlined_string (0.4ms)
  Rendered /Users/apprentice/.rbenv/versions/2.0.0-p353/lib/ruby/gems/2.0.0/gems/web-console-2.2.1/lib/web_console/templates/_prompt_box_markup.html.erb within layouts/inlined_string (0.4ms)
  Rendered /Users/apprentice/.rbenv/versions/2.0.0-p353/lib/ruby/gems/2.0.0/gems/web-console-2.2.1/lib/web_console/templates/style.css.erb within layouts/inlined_string (0.3ms)
  Rendered /Users/apprentice/.rbenv/versions/2.0.0-p353/lib/ruby/gems/2.0.0/gems/web-console-2.2.1/lib/web_console/templates/console.js.erb within layouts/javascript (19.1ms)
  Rendered /Users/apprentice/.rbenv/versions/2.0.0-p353/lib/ruby/gems/2.0.0/gems/web-console-2.2.1/lib/web_console/templates/main.js.erb within layouts/javascript (0.5ms)
  Rendered /Users/apprentice/.rbenv/versions/2.0.0-p353/lib/ruby/gems/2.0.0/gems/web-console-2.2.1/lib/web_console/templates/error_page.js.erb within layouts/javascript (0.4ms)
  Rendered /Users/apprentice/.rbenv/versions/2.0.0-p353/lib/ruby/gems/2.0.0/gems/web-console-2.2.1/lib/web_console/templates/index.html.erb (42.1ms)


Started GET "/static_pages/mapsearch.html" for ::1 at 2016-01-27 13:45:25 -0800
Processing by StaticPagesController#mapsearch as HTML
Completed 500 Internal Server Error in 1ms (ActiveRecord: 0.0ms)

TypeError (no implicit conversion of nil into String):
  app/controllers/static_pages_controller.rb:12:in `+'
  app/controllers/static_pages_controller.rb:12:in `mapsearch'


  Rendered /Users/apprentice/.rbenv/versions/2.0.0-p353/lib/ruby/gems/2.0.0/gems/actionpack-4.2.4/lib/action_dispatch/middleware/templates/rescues/_source.erb (6.8ms)
  Rendered /Users/apprentice/.rbenv/versions/2.0.0-p353/lib/ruby/gems/2.0.0/gems/actionpack-4.2.4/lib/action_dispatch/middleware/templates/rescues/_trace.html.erb (2.3ms)
  Rendered /Users/apprentice/.rbenv/versions/2.0.0-p353/lib/ruby/gems/2.0.0/gems/actionpack-4.2.4/lib/action_dispatch/middleware/templates/rescues/_request_and_response.html.erb (1.1ms)
  Rendered /Users/apprentice/.rbenv/versions/2.0.0-p353/lib/ruby/gems/2.0.0/gems/actionpack-4.2.4/lib/action_dispatch/middleware/templates/rescues/diagnostics.html.erb within rescues/layout (27.6ms)
  Rendered /Users/apprentice/.rbenv/versions/2.0.0-p353/lib/ruby/gems/2.0.0/gems/web-console-2.2.1/lib/web_console/templates/_markup.html.erb (0.5ms)
  Rendered /Users/apprentice/.rbenv/versions/2.0.0-p353/lib/ruby/gems/2.0.0/gems/web-console-2.2.1/lib/web_console/templates/_inner_console_markup.html.erb within layouts/inlined_string (0.4ms)
  Rendered /Users/apprentice/.rbenv/versions/2.0.0-p353/lib/ruby/gems/2.0.0/gems/web-console-2.2.1/lib/web_console/templates/_prompt_box_markup.html.erb within layouts/inlined_string (0.4ms)
  Rendered /Users/apprentice/.rbenv/versions/2.0.0-p353/lib/ruby/gems/2.0.0/gems/web-console-2.2.1/lib/web_console/templates/style.css.erb within layouts/inlined_string (0.4ms)
  Rendered /Users/apprentice/.rbenv/versions/2.0.0-p353/lib/ruby/gems/2.0.0/gems/web-console-2.2.1/lib/web_console/templates/console.js.erb within layouts/javascript (19.6ms)
  Rendered /Users/apprentice/.rbenv/versions/2.0.0-p353/lib/ruby/gems/2.0.0/gems/web-console-2.2.1/lib/web_console/templates/main.js.erb within layouts/javascript (0.6ms)
  Rendered /Users/apprentice/.rbenv/versions/2.0.0-p353/lib/ruby/gems/2.0.0/gems/web-console-2.2.1/lib/web_console/templates/error_page.js.erb within layouts/javascript (0.4ms)
  Rendered /Users/apprentice/.rbenv/versions/2.0.0-p353/lib/ruby/gems/2.0.0/gems/web-console-2.2.1/lib/web_console/templates/index.html.erb (42.9ms)


Started GET "/static_pages/mapsearch.html" for ::1 at 2016-01-27 13:45:28 -0800
Processing by StaticPagesController#mapsearch as HTML
Completed 500 Internal Server Error in 1ms (ActiveRecord: 0.0ms)

TypeError (no implicit conversion of nil into String):
  app/controllers/static_pages_controller.rb:12:in `+'
  app/controllers/static_pages_controller.rb:12:in `mapsearch'


  Rendered /Users/apprentice/.rbenv/versions/2.0.0-p353/lib/ruby/gems/2.0.0/gems/actionpack-4.2.4/lib/action_dispatch/middleware/templates/rescues/_source.erb (5.6ms)
  Rendered /Users/apprentice/.rbenv/versions/2.0.0-p353/lib/ruby/gems/2.0.0/gems/actionpack-4.2.4/lib/action_dispatch/middleware/templates/rescues/_trace.html.erb (2.3ms)
  Rendered /Users/apprentice/.rbenv/versions/2.0.0-p353/lib/ruby/gems/2.0.0/gems/actionpack-4.2.4/lib/action_dispatch/middleware/templates/rescues/_request_and_response.html.erb (1.1ms)
  Rendered /Users/apprentice/.rbenv/versions/2.0.0-p353/lib/ruby/gems/2.0.0/gems/actionpack-4.2.4/lib/action_dispatch/middleware/templates/rescues/diagnostics.html.erb within rescues/layout (25.9ms)
  Rendered /Users/apprentice/.rbenv/versions/2.0.0-p353/lib/ruby/gems/2.0.0/gems/web-console-2.2.1/lib/web_console/templates/_markup.html.erb (0.3ms)
  Rendered /Users/apprentice/.rbenv/versions/2.0.0-p353/lib/ruby/gems/2.0.0/gems/web-console-2.2.1/lib/web_console/templates/_inner_console_markup.html.erb within layouts/inlined_string (0.5ms)
  Rendered /Users/apprentice/.rbenv/versions/2.0.0-p353/lib/ruby/gems/2.0.0/gems/web-console-2.2.1/lib/web_console/templates/_prompt_box_markup.html.erb within layouts/inlined_string (0.4ms)
  Rendered /Users/apprentice/.rbenv/versions/2.0.0-p353/lib/ruby/gems/2.0.0/gems/web-console-2.2.1/lib/web_console/templates/style.css.erb within layouts/inlined_string (0.4ms)
  Rendered /Users/apprentice/.rbenv/versions/2.0.0-p353/lib/ruby/gems/2.0.0/gems/web-console-2.2.1/lib/web_console/templates/console.js.erb within layouts/javascript (19.8ms)
  Rendered /Users/apprentice/.rbenv/versions/2.0.0-p353/lib/ruby/gems/2.0.0/gems/web-console-2.2.1/lib/web_console/templates/main.js.erb within layouts/javascript (0.3ms)
  Rendered /Users/apprentice/.rbenv/versions/2.0.0-p353/lib/ruby/gems/2.0.0/gems/web-console-2.2.1/lib/web_console/templates/error_page.js.erb within layouts/javascript (0.4ms)
  Rendered /Users/apprentice/.rbenv/versions/2.0.0-p353/lib/ruby/gems/2.0.0/gems/web-console-2.2.1/lib/web_console/templates/index.html.erb (39.9ms)


Started GET "/static_pages/map.html" for ::1 at 2016-01-27 13:45:43 -0800
Processing by StaticPagesController#map as HTML
Completed 500 Internal Server Error in 1ms (ActiveRecord: 0.0ms)

TypeError (no implicit conversion of nil into String):
  app/controllers/static_pages_controller.rb:26:in `+'
  app/controllers/static_pages_controller.rb:26:in `map'


  Rendered /Users/apprentice/.rbenv/versions/2.0.0-p353/lib/ruby/gems/2.0.0/gems/actionpack-4.2.4/lib/action_dispatch/middleware/templates/rescues/_source.erb (5.6ms)
  Rendered /Users/apprentice/.rbenv/versions/2.0.0-p353/lib/ruby/gems/2.0.0/gems/actionpack-4.2.4/lib/action_dispatch/middleware/templates/rescues/_trace.html.erb (2.6ms)
  Rendered /Users/apprentice/.rbenv/versions/2.0.0-p353/lib/ruby/gems/2.0.0/gems/actionpack-4.2.4/lib/action_dispatch/middleware/templates/rescues/_request_and_response.html.erb (0.9ms)
  Rendered /Users/apprentice/.rbenv/versions/2.0.0-p353/lib/ruby/gems/2.0.0/gems/actionpack-4.2.4/lib/action_dispatch/middleware/templates/rescues/diagnostics.html.erb within rescues/layout (25.9ms)
  Rendered /Users/apprentice/.rbenv/versions/2.0.0-p353/lib/ruby/gems/2.0.0/gems/web-console-2.2.1/lib/web_console/templates/_markup.html.erb (0.3ms)
  Rendered /Users/apprentice/.rbenv/versions/2.0.0-p353/lib/ruby/gems/2.0.0/gems/web-console-2.2.1/lib/web_console/templates/_inner_console_markup.html.erb within layouts/inlined_string (0.5ms)
  Rendered /Users/apprentice/.rbenv/versions/2.0.0-p353/lib/ruby/gems/2.0.0/gems/web-console-2.2.1/lib/web_console/templates/_prompt_box_markup.html.erb within layouts/inlined_string (0.4ms)
  Rendered /Users/apprentice/.rbenv/versions/2.0.0-p353/lib/ruby/gems/2.0.0/gems/web-console-2.2.1/lib/web_console/templates/style.css.erb within layouts/inlined_string (0.3ms)
  Rendered /Users/apprentice/.rbenv/versions/2.0.0-p353/lib/ruby/gems/2.0.0/gems/web-console-2.2.1/lib/web_console/templates/console.js.erb within layouts/javascript (19.3ms)
  Rendered /Users/apprentice/.rbenv/versions/2.0.0-p353/lib/ruby/gems/2.0.0/gems/web-console-2.2.1/lib/web_console/templates/main.js.erb within layouts/javascript (0.3ms)
  Rendered /Users/apprentice/.rbenv/versions/2.0.0-p353/lib/ruby/gems/2.0.0/gems/web-console-2.2.1/lib/web_console/templates/error_page.js.erb within layouts/javascript (0.5ms)
  Rendered /Users/apprentice/.rbenv/versions/2.0.0-p353/lib/ruby/gems/2.0.0/gems/web-console-2.2.1/lib/web_console/templates/index.html.erb (42.0ms)


Started GET "/static_pages/map.html" for ::1 at 2016-01-27 13:46:13 -0800
Processing by StaticPagesController#map as HTML
Completed 500 Internal Server Error in 22ms (ActiveRecord: 0.0ms)

TypeError (no implicit conversion of nil into String):
  app/controllers/static_pages_controller.rb:26:in `+'
  app/controllers/static_pages_controller.rb:26:in `map'


  Rendered /Users/apprentice/.rbenv/versions/2.0.0-p353/lib/ruby/gems/2.0.0/gems/actionpack-4.2.4/lib/action_dispatch/middleware/templates/rescues/_source.erb (6.1ms)
  Rendered /Users/apprentice/.rbenv/versions/2.0.0-p353/lib/ruby/gems/2.0.0/gems/actionpack-4.2.4/lib/action_dispatch/middleware/templates/rescues/_trace.html.erb (2.7ms)
  Rendered /Users/apprentice/.rbenv/versions/2.0.0-p353/lib/ruby/gems/2.0.0/gems/actionpack-4.2.4/lib/action_dispatch/middleware/templates/rescues/_request_and_response.html.erb (0.9ms)
  Rendered /Users/apprentice/.rbenv/versions/2.0.0-p353/lib/ruby/gems/2.0.0/gems/actionpack-4.2.4/lib/action_dispatch/middleware/templates/rescues/diagnostics.html.erb within rescues/layout (27.8ms)
  Rendered /Users/apprentice/.rbenv/versions/2.0.0-p353/lib/ruby/gems/2.0.0/gems/web-console-2.2.1/lib/web_console/templates/_markup.html.erb (0.4ms)
  Rendered /Users/apprentice/.rbenv/versions/2.0.0-p353/lib/ruby/gems/2.0.0/gems/web-console-2.2.1/lib/web_console/templates/_inner_console_markup.html.erb within layouts/inlined_string (0.4ms)
  Rendered /Users/apprentice/.rbenv/versions/2.0.0-p353/lib/ruby/gems/2.0.0/gems/web-console-2.2.1/lib/web_console/templates/_prompt_box_markup.html.erb within layouts/inlined_string (0.3ms)
  Rendered /Users/apprentice/.rbenv/versions/2.0.0-p353/lib/ruby/gems/2.0.0/gems/web-console-2.2.1/lib/web_console/templates/style.css.erb within layouts/inlined_string (0.5ms)
  Rendered /Users/apprentice/.rbenv/versions/2.0.0-p353/lib/ruby/gems/2.0.0/gems/web-console-2.2.1/lib/web_console/templates/console.js.erb within layouts/javascript (20.8ms)
  Rendered /Users/apprentice/.rbenv/versions/2.0.0-p353/lib/ruby/gems/2.0.0/gems/web-console-2.2.1/lib/web_console/templates/main.js.erb within layouts/javascript (0.3ms)
  Rendered /Users/apprentice/.rbenv/versions/2.0.0-p353/lib/ruby/gems/2.0.0/gems/web-console-2.2.1/lib/web_console/templates/error_page.js.erb within layouts/javascript (0.4ms)
  Rendered /Users/apprentice/.rbenv/versions/2.0.0-p353/lib/ruby/gems/2.0.0/gems/web-console-2.2.1/lib/web_console/templates/index.html.erb (45.2ms)


Started GET "/static_pages/map.html" for ::1 at 2016-01-27 13:46:15 -0800
Processing by StaticPagesController#map as HTML
Completed 500 Internal Server Error in 1ms (ActiveRecord: 0.0ms)

TypeError (no implicit conversion of nil into String):
  app/controllers/static_pages_controller.rb:26:in `+'
  app/controllers/static_pages_controller.rb:26:in `map'


  Rendered /Users/apprentice/.rbenv/versions/2.0.0-p353/lib/ruby/gems/2.0.0/gems/actionpack-4.2.4/lib/action_dispatch/middleware/templates/rescues/_source.erb (5.9ms)
  Rendered /Users/apprentice/.rbenv/versions/2.0.0-p353/lib/ruby/gems/2.0.0/gems/actionpack-4.2.4/lib/action_dispatch/middleware/templates/rescues/_trace.html.erb (2.4ms)
  Rendered /Users/apprentice/.rbenv/versions/2.0.0-p353/lib/ruby/gems/2.0.0/gems/actionpack-4.2.4/lib/action_dispatch/middleware/templates/rescues/_request_and_response.html.erb (0.9ms)
  Rendered /Users/apprentice/.rbenv/versions/2.0.0-p353/lib/ruby/gems/2.0.0/gems/actionpack-4.2.4/lib/action_dispatch/middleware/templates/rescues/diagnostics.html.erb within rescues/layout (23.8ms)
  Rendered /Users/apprentice/.rbenv/versions/2.0.0-p353/lib/ruby/gems/2.0.0/gems/web-console-2.2.1/lib/web_console/templates/_markup.html.erb (0.3ms)
  Rendered /Users/apprentice/.rbenv/versions/2.0.0-p353/lib/ruby/gems/2.0.0/gems/web-console-2.2.1/lib/web_console/templates/_inner_console_markup.html.erb within layouts/inlined_string (0.4ms)
  Rendered /Users/apprentice/.rbenv/versions/2.0.0-p353/lib/ruby/gems/2.0.0/gems/web-console-2.2.1/lib/web_console/templates/_prompt_box_markup.html.erb within layouts/inlined_string (0.4ms)
  Rendered /Users/apprentice/.rbenv/versions/2.0.0-p353/lib/ruby/gems/2.0.0/gems/web-console-2.2.1/lib/web_console/templates/style.css.erb within layouts/inlined_string (0.4ms)
  Rendered /Users/apprentice/.rbenv/versions/2.0.0-p353/lib/ruby/gems/2.0.0/gems/web-console-2.2.1/lib/web_console/templates/console.js.erb within layouts/javascript (19.0ms)
  Rendered /Users/apprentice/.rbenv/versions/2.0.0-p353/lib/ruby/gems/2.0.0/gems/web-console-2.2.1/lib/web_console/templates/main.js.erb within layouts/javascript (0.4ms)
  Rendered /Users/apprentice/.rbenv/versions/2.0.0-p353/lib/ruby/gems/2.0.0/gems/web-console-2.2.1/lib/web_console/templates/error_page.js.erb within layouts/javascript (0.5ms)
  Rendered /Users/apprentice/.rbenv/versions/2.0.0-p353/lib/ruby/gems/2.0.0/gems/web-console-2.2.1/lib/web_console/templates/index.html.erb (43.8ms)


Started GET "/static_pages/map.html" for ::1 at 2016-01-27 13:46:54 -0800
Processing by StaticPagesController#map as HTML
Completed 500 Internal Server Error in 1ms (ActiveRecord: 0.0ms)

TypeError (no implicit conversion of nil into String):
  app/controllers/static_pages_controller.rb:26:in `+'
  app/controllers/static_pages_controller.rb:26:in `map'


  Rendered /Users/apprentice/.rbenv/versions/2.0.0-p353/lib/ruby/gems/2.0.0/gems/actionpack-4.2.4/lib/action_dispatch/middleware/templates/rescues/_source.erb (6.1ms)
  Rendered /Users/apprentice/.rbenv/versions/2.0.0-p353/lib/ruby/gems/2.0.0/gems/actionpack-4.2.4/lib/action_dispatch/middleware/templates/rescues/_trace.html.erb (3.3ms)
  Rendered /Users/apprentice/.rbenv/versions/2.0.0-p353/lib/ruby/gems/2.0.0/gems/actionpack-4.2.4/lib/action_dispatch/middleware/templates/rescues/_request_and_response.html.erb (1.7ms)
  Rendered /Users/apprentice/.rbenv/versions/2.0.0-p353/lib/ruby/gems/2.0.0/gems/actionpack-4.2.4/lib/action_dispatch/middleware/templates/rescues/diagnostics.html.erb within rescues/layout (75.5ms)
  Rendered /Users/apprentice/.rbenv/versions/2.0.0-p353/lib/ruby/gems/2.0.0/gems/web-console-2.2.1/lib/web_console/templates/_markup.html.erb (0.4ms)
  Rendered /Users/apprentice/.rbenv/versions/2.0.0-p353/lib/ruby/gems/2.0.0/gems/web-console-2.2.1/lib/web_console/templates/_inner_console_markup.html.erb within layouts/inlined_string (0.3ms)
  Rendered /Users/apprentice/.rbenv/versions/2.0.0-p353/lib/ruby/gems/2.0.0/gems/web-console-2.2.1/lib/web_console/templates/_prompt_box_markup.html.erb within layouts/inlined_string (0.3ms)
  Rendered /Users/apprentice/.rbenv/versions/2.0.0-p353/lib/ruby/gems/2.0.0/gems/web-console-2.2.1/lib/web_console/templates/style.css.erb within layouts/inlined_string (0.4ms)
  Rendered /Users/apprentice/.rbenv/versions/2.0.0-p353/lib/ruby/gems/2.0.0/gems/web-console-2.2.1/lib/web_console/templates/console.js.erb within layouts/javascript (17.6ms)
  Rendered /Users/apprentice/.rbenv/versions/2.0.0-p353/lib/ruby/gems/2.0.0/gems/web-console-2.2.1/lib/web_console/templates/main.js.erb within layouts/javascript (0.5ms)
  Rendered /Users/apprentice/.rbenv/versions/2.0.0-p353/lib/ruby/gems/2.0.0/gems/web-console-2.2.1/lib/web_console/templates/error_page.js.erb within layouts/javascript (0.4ms)
  Rendered /Users/apprentice/.rbenv/versions/2.0.0-p353/lib/ruby/gems/2.0.0/gems/web-console-2.2.1/lib/web_console/templates/index.html.erb (40.0ms)


Started GET "/static_pages/map.html" for ::1 at 2016-01-27 13:46:55 -0800
Processing by StaticPagesController#map as HTML
Completed 500 Internal Server Error in 1ms (ActiveRecord: 0.0ms)

TypeError (no implicit conversion of nil into String):
  app/controllers/static_pages_controller.rb:26:in `+'
  app/controllers/static_pages_controller.rb:26:in `map'


  Rendered /Users/apprentice/.rbenv/versions/2.0.0-p353/lib/ruby/gems/2.0.0/gems/actionpack-4.2.4/lib/action_dispatch/middleware/templates/rescues/_source.erb (6.0ms)
  Rendered /Users/apprentice/.rbenv/versions/2.0.0-p353/lib/ruby/gems/2.0.0/gems/actionpack-4.2.4/lib/action_dispatch/middleware/templates/rescues/_trace.html.erb (2.4ms)
  Rendered /Users/apprentice/.rbenv/versions/2.0.0-p353/lib/ruby/gems/2.0.0/gems/actionpack-4.2.4/lib/action_dispatch/middleware/templates/rescues/_request_and_response.html.erb (1.0ms)
  Rendered /Users/apprentice/.rbenv/versions/2.0.0-p353/lib/ruby/gems/2.0.0/gems/actionpack-4.2.4/lib/action_dispatch/middleware/templates/rescues/diagnostics.html.erb within rescues/layout (24.7ms)
  Rendered /Users/apprentice/.rbenv/versions/2.0.0-p353/lib/ruby/gems/2.0.0/gems/web-console-2.2.1/lib/web_console/templates/_markup.html.erb (0.3ms)
  Rendered /Users/apprentice/.rbenv/versions/2.0.0-p353/lib/ruby/gems/2.0.0/gems/web-console-2.2.1/lib/web_console/templates/_inner_console_markup.html.erb within layouts/inlined_string (0.3ms)
  Rendered /Users/apprentice/.rbenv/versions/2.0.0-p353/lib/ruby/gems/2.0.0/gems/web-console-2.2.1/lib/web_console/templates/_prompt_box_markup.html.erb within layouts/inlined_string (0.4ms)
  Rendered /Users/apprentice/.rbenv/versions/2.0.0-p353/lib/ruby/gems/2.0.0/gems/web-console-2.2.1/lib/web_console/templates/style.css.erb within layouts/inlined_string (0.4ms)
  Rendered /Users/apprentice/.rbenv/versions/2.0.0-p353/lib/ruby/gems/2.0.0/gems/web-console-2.2.1/lib/web_console/templates/console.js.erb within layouts/javascript (19.1ms)
  Rendered /Users/apprentice/.rbenv/versions/2.0.0-p353/lib/ruby/gems/2.0.0/gems/web-console-2.2.1/lib/web_console/templates/main.js.erb within layouts/javascript (0.3ms)
  Rendered /Users/apprentice/.rbenv/versions/2.0.0-p353/lib/ruby/gems/2.0.0/gems/web-console-2.2.1/lib/web_console/templates/error_page.js.erb within layouts/javascript (0.5ms)
  Rendered /Users/apprentice/.rbenv/versions/2.0.0-p353/lib/ruby/gems/2.0.0/gems/web-console-2.2.1/lib/web_console/templates/index.html.erb (41.0ms)


Started GET "/static_pages/map.html" for ::1 at 2016-01-27 13:46:56 -0800
Processing by StaticPagesController#map as HTML
Completed 500 Internal Server Error in 1ms (ActiveRecord: 0.0ms)

TypeError (no implicit conversion of nil into String):
  app/controllers/static_pages_controller.rb:26:in `+'
  app/controllers/static_pages_controller.rb:26:in `map'


  Rendered /Users/apprentice/.rbenv/versions/2.0.0-p353/lib/ruby/gems/2.0.0/gems/actionpack-4.2.4/lib/action_dispatch/middleware/templates/rescues/_source.erb (5.7ms)
  Rendered /Users/apprentice/.rbenv/versions/2.0.0-p353/lib/ruby/gems/2.0.0/gems/actionpack-4.2.4/lib/action_dispatch/middleware/templates/rescues/_trace.html.erb (2.2ms)
  Rendered /Users/apprentice/.rbenv/versions/2.0.0-p353/lib/ruby/gems/2.0.0/gems/actionpack-4.2.4/lib/action_dispatch/middleware/templates/rescues/_request_and_response.html.erb (1.5ms)
  Rendered /Users/apprentice/.rbenv/versions/2.0.0-p353/lib/ruby/gems/2.0.0/gems/actionpack-4.2.4/lib/action_dispatch/middleware/templates/rescues/diagnostics.html.erb within rescues/layout (24.4ms)
  Rendered /Users/apprentice/.rbenv/versions/2.0.0-p353/lib/ruby/gems/2.0.0/gems/web-console-2.2.1/lib/web_console/templates/_markup.html.erb (0.3ms)
  Rendered /Users/apprentice/.rbenv/versions/2.0.0-p353/lib/ruby/gems/2.0.0/gems/web-console-2.2.1/lib/web_console/templates/_inner_console_markup.html.erb within layouts/inlined_string (0.3ms)
  Rendered /Users/apprentice/.rbenv/versions/2.0.0-p353/lib/ruby/gems/2.0.0/gems/web-console-2.2.1/lib/web_console/templates/_prompt_box_markup.html.erb within layouts/inlined_string (0.4ms)
  Rendered /Users/apprentice/.rbenv/versions/2.0.0-p353/lib/ruby/gems/2.0.0/gems/web-console-2.2.1/lib/web_console/templates/style.css.erb within layouts/inlined_string (0.4ms)
  Rendered /Users/apprentice/.rbenv/versions/2.0.0-p353/lib/ruby/gems/2.0.0/gems/web-console-2.2.1/lib/web_console/templates/console.js.erb within layouts/javascript (19.5ms)
  Rendered /Users/apprentice/.rbenv/versions/2.0.0-p353/lib/ruby/gems/2.0.0/gems/web-console-2.2.1/lib/web_console/templates/main.js.erb within layouts/javascript (0.4ms)
  Rendered /Users/apprentice/.rbenv/versions/2.0.0-p353/lib/ruby/gems/2.0.0/gems/web-console-2.2.1/lib/web_console/templates/error_page.js.erb within layouts/javascript (0.4ms)
  Rendered /Users/apprentice/.rbenv/versions/2.0.0-p353/lib/ruby/gems/2.0.0/gems/web-console-2.2.1/lib/web_console/templates/index.html.erb (39.0ms)


Started GET "/static_pages/map.html" for ::1 at 2016-01-27 13:47:12 -0800
Processing by StaticPagesController#map as HTML
  Rendered static_pages/map.html.erb within layouts/application (2.9ms)
Completed 200 OK in 1194ms (Views: 1181.8ms | ActiveRecord: 0.0ms)


Started GET "/assets/map.self-2a3d68167356225690621259aeac76b1055572b24f025becc5bf0b54c5807f19.css?body=1" for ::1 at 2016-01-27 13:47:13 -0800


Started GET "/assets/custom.self-89a5de4a4d9fb4276ce5a11a9d934f3d52706810036eb70d4438e1a86fa555c3.css?body=1" for ::1 at 2016-01-27 13:47:13 -0800


Started GET "/assets/static_pages.self-e3b0c44298fc1c149afbf4c8996fb92427ae41e4649b934ca495991b7852b855.css?body=1" for ::1 at 2016-01-27 13:47:13 -0800


Started GET "/assets/application.self-0145f1ce6c410f4f0b25c1d77435d175be5aff1645c7bc899ed3598bb932a57d.css?body=1" for ::1 at 2016-01-27 13:47:13 -0800


Started GET "/assets/jquery_ujs.self-d602bdfe68ffc63b9f9cc512872aa3cfff046228a0a36e90dd476e8ef54c1b09.js?body=1" for ::1 at 2016-01-27 13:47:13 -0800


Started GET "/assets/jquery.self-c64a74367bda6ef8b860f19e74df08927ca99d2be2ac934e9e92d5fd361e0da4.js?body=1" for ::1 at 2016-01-27 13:47:13 -0800


Started GET "/assets/turbolinks.self-c37727e9bd6b2735da5c311aa83fead54ed0be6cc8bd9a65309e9c5abe2cbfff.js?body=1" for ::1 at 2016-01-27 13:47:13 -0800


Started GET "/assets/map.self-b45fed13b34e54545fc5b32648adddf300d6d46d3522f2bdb2343518f0b1b2e7.js?body=1" for ::1 at 2016-01-27 13:47:13 -0800


Started GET "/assets/static_pages.self-877aef30ae1b040ab8a3aba4e3e309a11d7f2612f44dde450b5c157aa5f95c05.js?body=1" for ::1 at 2016-01-27 13:47:13 -0800


Started GET "/assets/underscore.self-4b328e42c558197d5b99d7727cfcc60bac9763fad660651230e8baf93f6067ed.js?body=1" for ::1 at 2016-01-27 13:47:13 -0800


Started GET "/assets/gmaps/base.self-8dd1d1a22a7ff3bf4faa70885ea5f452367e7249102c52508c66d85ca396ee8b.js?body=1" for ::1 at 2016-01-27 13:47:13 -0800


Started GET "/assets/gmaps/base/base.self-5c31367e8435d872a028f6605074c8b1e15b9469a128b92dd29dfe40165b8ca3.js?body=1" for ::1 at 2016-01-27 13:47:13 -0800


Started GET "/assets/gmaps/objects/base_builder.self-2a2088185a25893bbee6bf3da7fde2f1160e33f9903e29e01701ecdf87326e98.js?body=1" for ::1 at 2016-01-27 13:47:13 -0800


Started GET "/assets/gmaps/objects/builder.self-77682740ac05e1b18efcf955f75aabdc3877aeee1ee4d5d6fddc74f8a08009ea.js?body=1" for ::1 at 2016-01-27 13:47:13 -0800


Started GET "/assets/gmaps/objects/null_clusterer.self-c6d6f37e996f50b27bf70e66b8956ee03cd4f3e35ae2e69c7b03e9dff7ea48e3.js?body=1" for ::1 at 2016-01-27 13:47:13 -0800


Started GET "/assets/gmaps/objects/handler.self-2f220cab5c91a054a6ee7f5b4c1eaab6edd160062ee3709c81714c18a6fbefa3.js?body=1" for ::1 at 2016-01-27 13:47:13 -0800


Started GET "/assets/gmaps/google/objects/common.self-4b07ecd5e825fd2ba2793cb0323b0f19636ae2343ad8e8e9fe419152107b8ab4.js?body=1" for ::1 at 2016-01-27 13:47:13 -0800


Started GET "/assets/gmaps/google/builders/bound.self-f340597454ebfa045f68c5f93f61cff52646146ec38c903a2769e5b0501cd687.js?body=1" for ::1 at 2016-01-27 13:47:13 -0800


Started GET "/assets/gmaps/google/builders/circle.self-188e8cef42efa47cf5a4a3956af3dc67a3d6651bc2a9ca220cfcb6fc3e463e35.js?body=1" for ::1 at 2016-01-27 13:47:13 -0800


Started GET "/assets/gmaps/google/builders/clusterer.self-a1f1a7df46fc8cecc592eef0f15b9e02f3431c8fa70ed30ce4de854e7facb5c4.js?body=1" for ::1 at 2016-01-27 13:47:13 -0800


Started GET "/assets/gmaps/google/builders/kml.self-ffee6612ec52f7bcd758c1b5370a0e803412189ce09773551831e6c06a3375b1.js?body=1" for ::1 at 2016-01-27 13:47:13 -0800


Started GET "/assets/gmaps/google/builders/map.self-6de83910df5426e7f72211a33d291d790c3198744bdced71b84572bfca56201c.js?body=1" for ::1 at 2016-01-27 13:47:13 -0800


Started GET "/assets/gmaps/google/builders/marker.self-742a43efffcab09bde1334c67758f411c41e4fa1df3dd5a39e498e7f7e78e27c.js?body=1" for ::1 at 2016-01-27 13:47:13 -0800


Started GET "/assets/gmaps/google/builders/polygon.self-08644c000d23e711283ea74461680417f8e6c30fe6c32c3dcb7cc9395e9e3f17.js?body=1" for ::1 at 2016-01-27 13:47:13 -0800


Started GET "/assets/gmaps/google/builders/polyline.self-22e88b34eec70842a3547dd072bbf85a45c001b0a479fc11ec22bd242b6703f4.js?body=1" for ::1 at 2016-01-27 13:47:13 -0800


Started GET "/assets/gmaps/google/objects/bound.self-d13a639bd7207854bf9ef3f6df82bea172352162b142f56e7032ff7ac9193b1e.js?body=1" for ::1 at 2016-01-27 13:47:13 -0800


Started GET "/assets/gmaps/google/objects/circle.self-33825f7d2fed1c7ba3c7afae7bd2e4f616b77373660fb65d895affcc5c952610.js?body=1" for ::1 at 2016-01-27 13:47:13 -0800


Started GET "/assets/gmaps/google/objects/clusterer.self-4f2479016fe0e484ef10477924f1bd0df5103bd5d9fca97dacb1a805369eae1d.js?body=1" for ::1 at 2016-01-27 13:47:13 -0800


Started GET "/assets/gmaps/google/objects/kml.self-5ec58fa580d178250382b8139e22df32db261af083e6ec63528aec06ac26f9c3.js?body=1" for ::1 at 2016-01-27 13:47:13 -0800


Started GET "/assets/gmaps/google/objects/map.self-fbfa0453de0420c083e9daee1f103702e6fb765d977bd361ebca9265c754f1fc.js?body=1" for ::1 at 2016-01-27 13:47:13 -0800


Started GET "/assets/gmaps/google/objects/marker.self-1cffb1966c70a5ca4fb34e8ac501dca0e7c42af09f3f99752caa5fc6f09b1d02.js?body=1" for ::1 at 2016-01-27 13:47:13 -0800


Started GET "/assets/gmaps/google/objects/polygon.self-ceb351c472231550371b47497b02ad128fbf6e44c30482fb5c153ef880fad696.js?body=1" for ::1 at 2016-01-27 13:47:13 -0800


Started GET "/assets/gmaps/google/objects/polyline.self-d6d7caf58094ef9b48b3e93abdcc0f43c6b3fb204c882f4613577480cbe5d857.js?body=1" for ::1 at 2016-01-27 13:47:13 -0800


Started GET "/assets/gmaps/google/primitives.self-5b8a3a670839d76c06f9877827daa0d739b27f8d6ebd346d7fc6006819755e65.js?body=1" for ::1 at 2016-01-27 13:47:13 -0800


Started GET "/assets/gmaps/google.self-877aef30ae1b040ab8a3aba4e3e309a11d7f2612f44dde450b5c157aa5f95c05.js?body=1" for ::1 at 2016-01-27 13:47:13 -0800


Started GET "/assets/application.self-44dc72337fbefc4f8c73fc8781b922cf9e4f99f8d068e6563c3820851d9390f6.js?body=1" for ::1 at 2016-01-27 13:47:13 -0800


Started GET "/" for ::1 at 2016-01-27 13:52:11 -0800
Processing by StaticPagesController#home as HTML
  Rendered static_pages/home.html.erb within layouts/application (1.6ms)
Completed 200 OK in 1487ms (Views: 1466.8ms | ActiveRecord: 0.0ms)


Started GET "/static_pages/mapsearch.html" for ::1 at 2016-01-27 13:52:20 -0800
Processing by StaticPagesController#mapsearch as HTML
  Rendered static_pages/mapsearch.html within layouts/application (0.7ms)
Completed 200 OK in 216ms (Views: 214.8ms | ActiveRecord: 0.0ms)
